<?xml version="1.0" encoding="UTF-8"?>
<testsuite xmlns:xsi="http://www.w3.org/2001/XMLSchema-instance" xsi:noNamespaceSchemaLocation="https://maven.apache.org/surefire/maven-surefire-plugin/xsd/surefire-test-report.xsd" name="com.sbk.CalculatorBySBK.AppTest" time="0.052" tests="5" errors="0" skipped="0" failures="0">
  <properties>
    <property name="java.specification.version" value="15"/>
    <property name="sun.jnu.encoding" value="UTF-8"/>
    <property name="java.class.path" value="/Users/chiragsardana/eclipse-workspace/CalculatorBySBK/target/test-classes:/Users/chiragsardana/eclipse-workspace/CalculatorBySBK/target/classes:/Users/chiragsardana/.m2/repository/junit/junit/4.11/junit-4.11.jar:/Users/chiragsardana/.m2/repository/org/hamcrest/hamcrest-core/1.3/hamcrest-core-1.3.jar:"/>
    <property name="java.vm.vendor" value="Oracle Corporation"/>
    <property name="sun.arch.data.model" value="64"/>
    <property name="java.vendor.url" value="https://java.oracle.com/"/>
    <property name="os.name" value="Mac OS X"/>
    <property name="java.vm.specification.version" value="15"/>
    <property name="sun.java.launcher" value="SUN_STANDARD"/>
    <property name="user.country" value="IN"/>
    <property name="sun.boot.library.path" value="/Library/Java/JavaVirtualMachines/jdk-15.0.1.jdk/Contents/Home/lib"/>
    <property name="sun.java.command" value="/Users/chiragsardana/eclipse-workspace/CalculatorBySBK/target/surefire/surefirebooter10124911532749561769.jar /Users/chiragsardana/eclipse-workspace/CalculatorBySBK/target/surefire 2022-02-04T11-53-27_693-jvmRun1 surefire16502495929960436866tmp surefire_08811914386221430647tmp"/>
    <property name="http.nonProxyHosts" value="local|*.local|169.254/16|*.169.254/16"/>
    <property name="jdk.debug" value="release"/>
    <property name="surefire.test.class.path" value="/Users/chiragsardana/eclipse-workspace/CalculatorBySBK/target/test-classes:/Users/chiragsardana/eclipse-workspace/CalculatorBySBK/target/classes:/Users/chiragsardana/.m2/repository/junit/junit/4.11/junit-4.11.jar:/Users/chiragsardana/.m2/repository/org/hamcrest/hamcrest-core/1.3/hamcrest-core-1.3.jar:"/>
    <property name="sun.cpu.endian" value="little"/>
    <property name="user.home" value="/Users/chiragsardana"/>
    <property name="user.language" value="en"/>
    <property name="java.specification.vendor" value="Oracle Corporation"/>
    <property name="java.version.date" value="2020-10-20"/>
    <property name="java.home" value="/Library/Java/JavaVirtualMachines/jdk-15.0.1.jdk/Contents/Home"/>
    <property name="file.separator" value="/"/>
    <property name="basedir" value="/Users/chiragsardana/eclipse-workspace/CalculatorBySBK"/>
    <property name="java.vm.compressedOopsMode" value="Zero based"/>
    <property name="line.separator" value="&#10;"/>
    <property name="java.specification.name" value="Java Platform API Specification"/>
    <property name="java.vm.specification.vendor" value="Oracle Corporation"/>
    <property name="surefire.real.class.path" value="/Users/chiragsardana/eclipse-workspace/CalculatorBySBK/target/surefire/surefirebooter10124911532749561769.jar"/>
    <property name="sun.management.compiler" value="HotSpot 64-Bit Tiered Compilers"/>
    <property name="ftp.nonProxyHosts" value="local|*.local|169.254/16|*.169.254/16"/>
    <property name="java.runtime.version" value="15.0.1+9-18"/>
    <property name="user.name" value="chiragsardana"/>
    <property name="path.separator" value=":"/>
    <property name="os.version" value="10.16"/>
    <property name="java.runtime.name" value="Java(TM) SE Runtime Environment"/>
    <property name="file.encoding" value="UTF-8"/>
    <property name="java.vm.name" value="Java HotSpot(TM) 64-Bit Server VM"/>
    <property name="localRepository" value="/Users/chiragsardana/.m2/repository"/>
    <property name="java.vendor.url.bug" value="https://bugreport.java.com/bugreport/"/>
    <property name="java.io.tmpdir" value="/var/folders/sr/j7bw6znj31j27d1x3hxry41c0000gn/T/"/>
    <property name="java.version" value="15.0.1"/>
    <property name="user.dir" value="/Users/chiragsardana/eclipse-workspace/CalculatorBySBK"/>
    <property name="os.arch" value="x86_64"/>
    <property name="java.vm.specification.name" value="Java Virtual Machine Specification"/>
    <property name="java.library.path" value="/Users/chiragsardana/Library/Java/Extensions:/Library/Java/Extensions:/Network/Library/Java/Extensions:/System/Library/Java/Extensions:/usr/lib/java:."/>
    <property name="java.vm.info" value="mixed mode, sharing"/>
    <property name="java.vendor" value="Oracle Corporation"/>
    <property name="java.vm.version" value="15.0.1+9-18"/>
    <property name="sun.io.unicode.encoding" value="UnicodeBig"/>
    <property name="socksNonProxyHosts" value="local|*.local|169.254/16|*.169.254/16"/>
    <property name="java.class.version" value="59.0"/>
  </properties>
  <testcase name="subtraction" classname="com.sbk.CalculatorBySBK.AppTest" time="0.002"/>
  <testcase name="addition" classname="com.sbk.CalculatorBySBK.AppTest" time="0"/>
  <testcase name="modulo" classname="com.sbk.CalculatorBySBK.AppTest" time="0"/>
  <testcase name="division" classname="com.sbk.CalculatorBySBK.AppTest" time="0"/>
  <testcase name="multiplication" classname="com.sbk.CalculatorBySBK.AppTest" time="0.001"/>
</testsuite>